        -:    0:Source:C:/Users/Andrei/Documents/Facultate/Semestrul_II/Programare orientata obiect/Laboratoare/Lab2-4/testing/teste_domeniu.c
        -:    0:Graph:C:\Users\Andrei\Documents\Facultate\Semestrul_II\Programare orientata obiect\Laboratoare\Lab2-4\cmake-build-debug-coverage\CMakeFiles\Lab2_4.dir\testing\teste_domeniu.c.gcno
        -:    0:Data:C:\Users\Andrei\Documents\Facultate\Semestrul_II\Programare orientata obiect\Laboratoare\Lab2-4\cmake-build-debug-coverage\CMakeFiles\Lab2_4.dir\testing\teste_domeniu.c.gcda
        -:    0:Runs:1
        -:    1:#include <assert.h>
        -:    2:#include <string.h>
        -:    3:#include <malloc.h>
        -:    4:#include "../domeniu/oferta.h"
        -:    5://
        -:    6:// Created by Andrei on 08.03.2023.
        -:    7://
        -:    8:
function teste_domeniu called 1 returned 100% blocks executed 66%
        1:    9:void teste_domeniu()
        -:   10:{
        -:   11:    PtrOferta of1, of2;
        1:   12:    of1 = constructor_oferta(1, "City Break", "Timisoara", "12/04/2023", 473);
        1:   12-block  0
call    0 returned 1
        1:   13:    of2 = constructor_oferta(22, "City Break", "Oradeaa", "12/04/2023", 4734);
call    0 returned 1
       1*:   14:    assert(get_id(of1) == 1);
call    0 returned 1
branch  1 taken 0 (fallthrough)
branch  2 taken 1
    %%%%%:   14-block  0
call    3 never executed
        1:   14-block  1
       1*:   15:    assert(get_pret(of1) == 473);
        1:   15-block  0
call    0 returned 1
branch  1 taken 0 (fallthrough)
branch  2 taken 1
    %%%%%:   15-block  1
call    3 never executed
        1:   15-block  2
       1*:   16:    assert(strcmp(get_tip(of1), "City Break") == 0);
        1:   16-block  0
call    0 returned 1
branch  1 taken 0 (fallthrough)
branch  2 taken 1
    %%%%%:   16-block  1
call    3 never executed
        1:   16-block  2
       1*:   17:    assert(strcmp(get_data_plecare(of1), "12/04/2023") == 0);
        1:   17-block  0
call    0 returned 1
branch  1 taken 0 (fallthrough)
branch  2 taken 1
    %%%%%:   17-block  1
call    3 never executed
        1:   17-block  2
       1*:   18:    assert(strcmp(get_destinatie(of1), "Timisoara") == 0);
        1:   18-block  0
call    0 returned 1
branch  1 taken 0 (fallthrough)
branch  2 taken 1
    %%%%%:   18-block  1
call    3 never executed
        1:   18-block  2
        -:   19:
        1:   20:    set_data_plecare(of1,"13/04/2023");
        1:   20-block  0
call    0 returned 1
        1:   21:    set_destinatie(of1, "Oradea");
call    0 returned 1
        1:   22:    set_tip(of1, "Munte");
call    0 returned 1
        1:   23:    set_pret(of1, 499);
call    0 returned 1
        -:   24:
       1*:   25:    assert(get_pret(of1) == 499);
call    0 returned 1
branch  1 taken 0 (fallthrough)
branch  2 taken 1
    %%%%%:   25-block  0
call    3 never executed
        1:   25-block  1
       1*:   26:    assert(strcmp(get_tip(of1), "Munte") == 0);
        1:   26-block  0
call    0 returned 1
branch  1 taken 0 (fallthrough)
branch  2 taken 1
    %%%%%:   26-block  1
call    3 never executed
        1:   26-block  2
       1*:   27:    assert(strcmp(get_data_plecare(of1), "13/04/2023") == 0);
        1:   27-block  0
call    0 returned 1
branch  1 taken 0 (fallthrough)
branch  2 taken 1
    %%%%%:   27-block  1
call    3 never executed
        1:   27-block  2
       1*:   28:    assert(strcmp(get_destinatie(of1), "Oradea") == 0);
        1:   28-block  0
call    0 returned 1
branch  1 taken 0 (fallthrough)
branch  2 taken 1
    %%%%%:   28-block  1
call    3 never executed
        1:   28-block  2
        -:   29:    char *afis;
        1:   30:    afis = afisare_oferta(of1);
        1:   30-block  0
call    0 returned 1
       1*:   31:    assert(strcmp(afis, "|   1    |    Munte    |       Oradea       |    13/04/2023     |   499.00   |\n") == 0);
branch  0 taken 0 (fallthrough)
branch  1 taken 1
    %%%%%:   31-block  0
call    2 never executed
        1:   31-block  1
        1:   32:    free(afis);
        1:   33:    afis = afisare_oferta(of2);
        1:   33-block  0
call    0 returned 1
       1*:   34:    assert(strcmp(afis, "|   22   | City Break  |      Oradeaa       |    12/04/2023     |  4734.00   |\n") == 0);
branch  0 taken 0 (fallthrough)
branch  1 taken 1
    %%%%%:   34-block  0
call    2 never executed
        1:   34-block  1
        1:   35:    free(afis);
        1:   36:    destructor_oferta(of1);
        1:   36-block  0
call    0 returned 1
        1:   37:    destructor_oferta(of2);
call    0 returned 1
        1:   38:}
