        -:    0:Source:C:/Users/Andrei/Documents/Facultate/Semestrul_II/Programare orientata obiect/Laboratoare/Lab2-4/testing/teste_validator.c
        -:    0:Graph:C:\Users\Andrei\Documents\Facultate\Semestrul_II\Programare orientata obiect\Laboratoare\Lab2-4\cmake-build-debug-coverage\CMakeFiles\Lab2_4.dir\testing\teste_validator.c.gcno
        -:    0:Data:C:\Users\Andrei\Documents\Facultate\Semestrul_II\Programare orientata obiect\Laboratoare\Lab2-4\cmake-build-debug-coverage\CMakeFiles\Lab2_4.dir\testing\teste_validator.c.gcda
        -:    0:Runs:1
        -:    1://
        -:    2:// Created by Andrei on 10.03.2023.
        -:    3://
        -:    4:
        -:    5:#include <assert.h>
        -:    6:#include "teste_validator.h"
        -:    7:#include "../validator/validare_oferta.h"
        -:    8:
function teste_valitare_data called 1 returned 100% blocks executed 60%
        1:    9:void teste_valitare_data(){
       1*:   10:    assert(verifica_data("29/02/2024") == 1);
        1:   10-block  0
call    0 returned 1
branch  1 taken 0 (fallthrough)
branch  2 taken 1
    %%%%%:   10-block  1
call    3 never executed
        1:   10-block  2
       1*:   11:    assert(verifica_data("31/07/2021") == 1);
        1:   11-block  0
call    0 returned 1
branch  1 taken 0 (fallthrough)
branch  2 taken 1
    %%%%%:   11-block  1
call    3 never executed
        1:   11-block  2
       1*:   12:    assert(verifica_data("31/12/2026") == 1);
        1:   12-block  0
call    0 returned 1
branch  1 taken 0 (fallthrough)
branch  2 taken 1
    %%%%%:   12-block  1
call    3 never executed
        1:   12-block  2
       1*:   13:    assert(verifica_data("21/34/2000") == 0);
        1:   13-block  0
call    0 returned 1
branch  1 taken 0 (fallthrough)
branch  2 taken 1
    %%%%%:   13-block  1
call    3 never executed
        1:   13-block  2
       1*:   14:    assert(verifica_data("29/02/2023") == 0);
        1:   14-block  0
call    0 returned 1
branch  1 taken 0 (fallthrough)
branch  2 taken 1
    %%%%%:   14-block  1
call    3 never executed
        1:   14-block  2
       1*:   15:    assert(verifica_data("32/01/2022") == 0);
        1:   15-block  0
call    0 returned 1
branch  1 taken 0 (fallthrough)
branch  2 taken 1
    %%%%%:   15-block  1
call    3 never executed
        1:   15-block  2
       1*:   16:    assert(verifica_data("00/00/2020") == 0);
        1:   16-block  0
call    0 returned 1
branch  1 taken 0 (fallthrough)
branch  2 taken 1
    %%%%%:   16-block  1
call    3 never executed
        1:   16-block  2
       1*:   17:    assert(verifica_data("00.00.2020") == 0);
        1:   17-block  0
call    0 returned 1
branch  1 taken 0 (fallthrough)
branch  2 taken 1
    %%%%%:   17-block  1
call    3 never executed
        1:   17-block  2
       1*:   18:    assert(verifica_data("00/00.2020") == 0);
        1:   18-block  0
call    0 returned 1
branch  1 taken 0 (fallthrough)
branch  2 taken 1
    %%%%%:   18-block  1
call    3 never executed
        1:   18-block  2
       1*:   19:    assert(verifica_data("00.00/2020") == 0);
        1:   19-block  0
call    0 returned 1
branch  1 taken 0 (fallthrough)
branch  2 taken 1
    %%%%%:   19-block  1
call    3 never executed
        1:   19-block  2
       1*:   20:    assert(verifica_data("  /ba/ccca") == 0);
        1:   20-block  0
call    0 returned 1
branch  1 taken 0 (fallthrough)
branch  2 taken 1
    %%%%%:   20-block  1
call    3 never executed
        1:   20-block  2
       1*:   21:    assert(verifica_data("bb/ba/ccca") == 0);
        1:   21-block  0
call    0 returned 1
branch  1 taken 0 (fallthrough)
branch  2 taken 1
    %%%%%:   21-block  1
call    3 never executed
        1:   21-block  2
       1*:   22:    assert(verifica_data("1b/ba/ccca") == 0);
        1:   22-block  0
call    0 returned 1
branch  1 taken 0 (fallthrough)
branch  2 taken 1
    %%%%%:   22-block  1
call    3 never executed
        1:   22-block  2
       1*:   23:    assert(verifica_data("1 /ba/ccca") == 0);
        1:   23-block  0
call    0 returned 1
branch  1 taken 0 (fallthrough)
branch  2 taken 1
    %%%%%:   23-block  1
call    3 never executed
        1:   23-block  2
       1*:   24:    assert(verifica_data("11/ a/ccca") == 0);
        1:   24-block  0
call    0 returned 1
branch  1 taken 0 (fallthrough)
branch  2 taken 1
    %%%%%:   24-block  1
call    3 never executed
        1:   24-block  2
       1*:   25:    assert(verifica_data("11/b /ccca") == 0);
        1:   25-block  0
call    0 returned 1
branch  1 taken 0 (fallthrough)
branch  2 taken 1
    %%%%%:   25-block  1
call    3 never executed
        1:   25-block  2
       1*:   26:    assert(verifica_data("11/ba/ccca") == 0);
        1:   26-block  0
call    0 returned 1
branch  1 taken 0 (fallthrough)
branch  2 taken 1
    %%%%%:   26-block  1
call    3 never executed
        1:   26-block  2
       1*:   27:    assert(verifica_data("11/1 /ccca") == 0);
        1:   27-block  0
call    0 returned 1
branch  1 taken 0 (fallthrough)
branch  2 taken 1
    %%%%%:   27-block  1
call    3 never executed
        1:   27-block  2
       1*:   28:    assert(verifica_data("11/1 /ccca") == 0);
        1:   28-block  0
call    0 returned 1
branch  1 taken 0 (fallthrough)
branch  2 taken 1
    %%%%%:   28-block  1
call    3 never executed
        1:   28-block  2
       1*:   29:    assert(verifica_data("11/1a/ccca") == 0);
        1:   29-block  0
call    0 returned 1
branch  1 taken 0 (fallthrough)
branch  2 taken 1
    %%%%%:   29-block  1
call    3 never executed
        1:   29-block  2
       1*:   30:    assert(verifica_data("11/10/ccca") == 0);
        1:   30-block  0
call    0 returned 1
branch  1 taken 0 (fallthrough)
branch  2 taken 1
    %%%%%:   30-block  1
call    3 never executed
        1:   30-block  2
       1*:   31:    assert(verifica_data("11/10/2cca") == 0);
        1:   31-block  0
call    0 returned 1
branch  1 taken 0 (fallthrough)
branch  2 taken 1
    %%%%%:   31-block  1
call    3 never executed
        1:   31-block  2
       1*:   32:    assert(verifica_data("11/10/201a") == 0);
        1:   32-block  0
call    0 returned 1
branch  1 taken 0 (fallthrough)
branch  2 taken 1
    %%%%%:   32-block  1
call    3 never executed
        1:   32-block  2
       1*:   33:    assert(verifica_data("11/10/202a") == 0);
        1:   33-block  0
call    0 returned 1
branch  1 taken 0 (fallthrough)
branch  2 taken 1
    %%%%%:   33-block  1
call    3 never executed
        1:   33-block  2
       1*:   34:    assert(verifica_data("11/10/202 ") == 0);
        1:   34-block  0
call    0 returned 1
branch  1 taken 0 (fallthrough)
branch  2 taken 1
    %%%%%:   34-block  1
call    3 never executed
        1:   34-block  2
       1*:   35:    assert(verifica_data("11/10/2052") == 0);
        1:   35-block  0
call    0 returned 1
branch  1 taken 0 (fallthrough)
branch  2 taken 1
    %%%%%:   35-block  1
call    3 never executed
        1:   35-block  2
       1*:   36:    assert(verifica_data("11/10/2002") == 0);
        1:   36-block  0
call    0 returned 1
branch  1 taken 0 (fallthrough)
branch  2 taken 1
    %%%%%:   36-block  1
call    3 never executed
        1:   36-block  2
       1*:   37:    assert(verifica_data("11/00/2022") == 0);
        1:   37-block  0
call    0 returned 1
branch  1 taken 0 (fallthrough)
branch  2 taken 1
    %%%%%:   37-block  1
call    3 never executed
        1:   37-block  2
       1*:   38:    assert(verifica_data("11/14/2022") == 0);
        1:   38-block  0
call    0 returned 1
branch  1 taken 0 (fallthrough)
branch  2 taken 1
    %%%%%:   38-block  1
call    3 never executed
        1:   38-block  2
       1*:   39:    assert(verifica_data("00/12/2022") == 0);
        1:   39-block  0
call    0 returned 1
branch  1 taken 0 (fallthrough)
branch  2 taken 1
    %%%%%:   39-block  1
call    3 never executed
        1:   39-block  2
       1*:   40:    assert(verifica_data("33/12/2022") == 0);
        1:   40-block  0
call    0 returned 1
branch  1 taken 0 (fallthrough)
branch  2 taken 1
    %%%%%:   40-block  1
call    3 never executed
        1:   40-block  2
       1*:   41:    assert(an_bisect(2000) == 1);
        1:   41-block  0
call    0 returned 1
branch  1 taken 0 (fallthrough)
branch  2 taken 1
    %%%%%:   41-block  1
call    3 never executed
        1:   41-block  2
       1*:   42:    assert(an_bisect(2100) == 0);
        1:   42-block  0
call    0 returned 1
branch  1 taken 0 (fallthrough)
branch  2 taken 1
    %%%%%:   42-block  1
call    3 never executed
        1:   42-block  2
        1:   43:}
        -:   44:
function teste_validator called 1 returned 100% blocks executed 78%
        1:   45:void teste_validator() {
        1:   46:    teste_valitare_data();
        1:   46-block  0
call    0 returned 1
        -:   47:    PtrOferta of1, of2;
        1:   48:    of1 = constructor_oferta(1, "City Break", "Timisoara", "12/04/2023", 473);
call    0 returned 1
        1:   49:    of2 = constructor_oferta(-1, "City Brea", "", "32/01/2022", -473);
call    0 returned 1
        -:   50:    PtrValidareOferta valid;
        1:   51:    valid = constructor_validator();
call    0 returned 1
       1*:   52:    assert(verifica_oferta(of1) == 0);
call    0 returned 1
branch  1 taken 0 (fallthrough)
branch  2 taken 1
    %%%%%:   52-block  0
call    3 never executed
        1:   52-block  1
       1*:   53:    assert(verifica_oferta(of2) == 11111);
        1:   53-block  0
call    0 returned 1
branch  1 taken 0 (fallthrough)
branch  2 taken 1
    %%%%%:   53-block  1
call    3 never executed
        1:   53-block  2
        1:   54:    destructor_validator(valid);
        1:   54-block  0
call    0 returned 1
        1:   55:    destructor_oferta(of1);
call    0 returned 1
        1:   56:    destructor_oferta(of2);
call    0 returned 1
        1:   57:}
